<?xml version="1.0" encoding="UTF-8"?>
<!-- Generated by org.testng.reporters.JUnitReportReporter -->
<testsuite skipped="0" hostname="DESKTOP-L9LHJVH" name="SanityTest" tests="4" failures="0" timestamp="2023-02-14T15:44:36 IST" time="0.007" errors="0">
  <testcase name="test1" time="0.001" classname="SanityTest"/>
  <testcase name="test4" time="0.003" classname="SanityTest"/>
  <testcase name="test3" time="0.001" classname="SanityTest"/>
  <testcase name="test2" time="0.002" classname="SanityTest"/>
</testsuite> <!-- SanityTest -->
