<?xml version="1.0" encoding="UTF-8"?>
<!-- Generated by org.testng.reporters.JUnitReportReporter -->
<testsuite skipped="0" hostname="DESKTOP-L9LHJVH" name="Tests.RegressionTest" tests="4" failures="0" timestamp="2023-02-15T12:51:26 IST" time="0.053" errors="0">
  <testcase name="test2" time="0.001" classname="Tests.RegressionTest"/>
  <testcase name="test1" time="0.050" classname="Tests.RegressionTest"/>
  <testcase name="test4" time="0.001" classname="Tests.RegressionTest"/>
  <testcase name="test3" time="0.001" classname="Tests.RegressionTest"/>
</testsuite> <!-- Tests.RegressionTest -->
